# JRE version: Java(TM) SE Runtime Environment (14.0.1+7) (build 14.0.1+7)
# Java VM: Java HotSpot(TM) 64-Bit Server VM (14.0.1+7, mixed mode, sharing, tiered, compressed oops, g1 gc, linux-amd64)
Heap:
 garbage-first heap   total 201728K, used 13058K [0x0000000084e00000, 0x0000000100000000)
  region size 1024K, 1 young (1024K), 1 survivors (1024K)
 Metaspace       used 27686K, capacity 29227K, committed 29696K, reserved 1075200K
  class space    used 3666K, capacity 4208K, committed 4352K, reserved 1048576K
GC Heap History (20 events):
Event: 128645.438 GC heap after
{Heap after GC invocations=470 (full 6):
 garbage-first heap   total 76800K, used 13052K [0x0000000084e00000, 0x0000000100000000)
  region size 1024K, 1 young (1024K), 1 survivors (1024K)
 Metaspace       used 27686K, capacity 29227K, committed 29696K, reserved 1075200K
  class space    used 3666K, capacity 4208K, committed 4352K, reserved 1048576K
}
Event: 128679.837 GC heap before
{Heap before GC invocations=470 (full 6):
 garbage-first heap   total 76800K, used 15100K [0x0000000084e00000, 0x0000000100000000)
  region size 1024K, 3 young (3072K), 1 survivors (1024K)
 Metaspace       used 27686K, capacity 29227K, committed 29696K, reserved 1075200K
  class space    used 3666K, capacity 4208K, committed 4352K, reserved 1048576K
}
Event: 128680.290 GC heap after
{Heap after GC invocations=471 (full 6):
 garbage-first heap   total 76800K, used 13064K [0x0000000084e00000, 0x0000000100000000)
  region size 1024K, 1 young (1024K), 1 survivors (1024K)
 Metaspace       used 27686K, capacity 29227K, committed 29696K, reserved 1075200K
  class space    used 3666K, capacity 4208K, committed 4352K, reserved 1048576K
}
Event: 128706.676 GC heap before
{Heap before GC invocations=471 (full 6):
 garbage-first heap   total 76800K, used 15112K [0x0000000084e00000, 0x0000000100000000)
  region size 1024K, 3 young (3072K), 1 survivors (1024K)
 Metaspace       used 27686K, capacity 29227K, committed 29696K, reserved 1075200K
  class space    used 3666K, capacity 4208K, committed 4352K, reserved 1048576K
}
Event: 128706.769 GC heap after
{Heap after GC invocations=472 (full 6):
 garbage-first heap   total 76800K, used 13062K [0x0000000084e00000, 0x0000000100000000)
  region size 1024K, 1 young (1024K), 1 survivors (1024K)
 Metaspace       used 27686K, capacity 29227K, committed 29696K, reserved 1075200K
  class space    used 3666K, capacity 4208K, committed 4352K, reserved 1048576K
}
Event: 128743.205 GC heap before
{Heap before GC invocations=472 (full 6):
 garbage-first heap   total 76800K, used 15110K [0x0000000084e00000, 0x0000000100000000)
  region size 1024K, 3 young (3072K), 1 survivors (1024K)
 Metaspace       used 27686K, capacity 29227K, committed 29696K, reserved 1075200K
  class space    used 3666K, capacity 4208K, committed 4352K, reserved 1048576K
}
Event: 128744.370 GC heap after
{Heap after GC invocations=473 (full 6):
 garbage-first heap   total 76800K, used 13056K [0x0000000084e00000, 0x0000000100000000)
  region size 1024K, 1 young (1024K), 1 survivors (1024K)
 Metaspace       used 27686K, capacity 29227K, committed 29696K, reserved 1075200K
  class space    used 3666K, capacity 4208K, committed 4352K, reserved 1048576K
}
Event: 128773.438 GC heap before
{Heap before GC invocations=473 (full 6):
 garbage-first heap   total 76800K, used 15104K [0x0000000084e00000, 0x0000000100000000)
  region size 1024K, 3 young (3072K), 1 survivors (1024K)
 Metaspace       used 27686K, capacity 29227K, committed 29696K, reserved 1075200K
  class space    used 3666K, capacity 4208K, committed 4352K, reserved 1048576K
}
Event: 128773.928 GC heap after
{Heap after GC invocations=474 (full 6):
 garbage-first heap   total 112640K, used 13064K [0x0000000084e00000, 0x0000000100000000)
  region size 1024K, 1 young (1024K), 1 survivors (1024K)
 Metaspace       used 27686K, capacity 29227K, committed 29696K, reserved 1075200K
  class space    used 3666K, capacity 4208K, committed 4352K, reserved 1048576K
}
Event: 128832.130 GC heap before
{Heap before GC invocations=474 (full 6):
 garbage-first heap   total 112640K, used 17160K [0x0000000084e00000, 0x0000000100000000)
  region size 1024K, 5 young (5120K), 1 survivors (1024K)
 Metaspace       used 27686K, capacity 29227K, committed 29696K, reserved 1075200K
  class space    used 3666K, capacity 4208K, committed 4352K, reserved 1048576K
}
Event: 128832.589 GC heap after
{Heap after GC invocations=475 (full 6):
 garbage-first heap   total 112640K, used 13064K [0x0000000084e00000, 0x0000000100000000)
  region size 1024K, 1 young (1024K), 1 survivors (1024K)
 Metaspace       used 27686K, capacity 29227K, committed 29696K, reserved 1075200K
  class space    used 3666K, capacity 4208K, committed 4352K, reserved 1048576K
}
Event: 128903.266 GC heap before
{Heap before GC invocations=475 (full 6):
 garbage-first heap   total 112640K, used 17160K [0x0000000084e00000, 0x0000000100000000)
  region size 1024K, 5 young (5120K), 1 survivors (1024K)
 Metaspace       used 27686K, capacity 29227K, committed 29696K, reserved 1075200K
  class space    used 3666K, capacity 4208K, committed 4352K, reserved 1048576K
}
Event: 128905.019 GC heap after
{Heap after GC invocations=476 (full 6):
 garbage-first heap   total 112640K, used 13044K [0x0000000084e00000, 0x0000000100000000)
  region size 1024K, 1 young (1024K), 1 survivors (1024K)
 Metaspace       used 27686K, capacity 29227K, committed 29696K, reserved 1075200K
  class space    used 3666K, capacity 4208K, committed 4352K, reserved 1048576K
}
Event: 129025.286 GC heap before
{Heap before GC invocations=476 (full 6):
 garbage-first heap   total 112640K, used 17140K [0x0000000084e00000, 0x0000000100000000)
  region size 1024K, 5 young (5120K), 1 survivors (1024K)
 Metaspace       used 27686K, capacity 29227K, committed 29696K, reserved 1075200K
  class space    used 3666K, capacity 4208K, committed 4352K, reserved 1048576K
}
Event: 129029.234 GC heap after
{Heap after GC invocations=477 (full 6):
 garbage-first heap   total 112640K, used 13064K [0x0000000084e00000, 0x0000000100000000)
  region size 1024K, 1 young (1024K), 1 survivors (1024K)
 Metaspace       used 27686K, capacity 29227K, committed 29696K, reserved 1075200K
  class space    used 3666K, capacity 4208K, committed 4352K, reserved 1048576K
}
Event: 129238.934 GC heap before
{Heap before GC invocations=477 (full 6):
 garbage-first heap   total 112640K, used 17160K [0x0000000084e00000, 0x0000000100000000)
  region size 1024K, 5 young (5120K), 1 survivors (1024K)
 Metaspace       used 27686K, capacity 29227K, committed 29696K, reserved 1075200K
  class space    used 3666K, capacity 4208K, committed 4352K, reserved 1048576K
}
Event: 129243.064 GC heap after
{Heap after GC invocations=478 (full 6):
 garbage-first heap   total 112640K, used 13060K [0x0000000084e00000, 0x0000000100000000)
  region size 1024K, 1 young (1024K), 1 survivors (1024K)
 Metaspace       used 27686K, capacity 29227K, committed 29696K, reserved 1075200K
  class space    used 3666K, capacity 4208K, committed 4352K, reserved 1048576K
}
Event: 129408.737 GC heap before
{Heap before GC invocations=478 (full 6):
 garbage-first heap   total 112640K, used 17156K [0x0000000084e00000, 0x0000000100000000)
  region size 1024K, 5 young (5120K), 1 survivors (1024K)
 Metaspace       used 27686K, capacity 29227K, committed 29696K, reserved 1075200K
  class space    used 3666K, capacity 4208K, committed 4352K, reserved 1048576K
}
Event: 129421.835 GC heap after
{Heap after GC invocations=479 (full 6):
 garbage-first heap   total 112640K, used 13048K [0x0000000084e00000, 0x0000000100000000)
  region size 1024K, 1 young (1024K), 1 survivors (1024K)
 Metaspace       used 27686K, capacity 29227K, committed 29696K, reserved 1075200K
  class space    used 3666K, capacity 4208K, committed 4352K, reserved 1048576K
}
Event: 129568.404 GC heap before
{Heap before GC invocations=479 (full 6):
 garbage-first heap   total 112640K, used 17144K [0x0000000084e00000, 0x0000000100000000)
  region size 1024K, 5 young (5120K), 1 survivors (1024K)
 Metaspace       used 27686K, capacity 29227K, committed 29696K, reserved 1075200K
  class space    used 3666K, capacity 4208K, committed 4352K, reserved 1048576K
}

